<?xml version="1.0" encoding="UTF-8"?>
<testng-results ignored="0" total="1" passed="1" failed="0" skipped="0">
  <reporter-output>
  </reporter-output>
  <suite started-at="2024-07-19T17:13:55 IST" name="Default suite" finished-at="2024-07-19T17:14:05 IST" duration-ms="9427">
    <groups>
    </groups>
    <test started-at="2024-07-19T17:13:55 IST" name="Default test" finished-at="2024-07-19T17:14:05 IST" duration-ms="9427">
      <class name="com.banking.TestCases.LoginTestCase">
        <test-method is-config="true" signature="setup()[pri:0, instance:com.banking.TestCases.LoginTestCase@71075444]" started-at="2024-07-19T17:13:55 IST" name="setup" finished-at="2024-07-19T17:14:02 IST" duration-ms="6769" status="PASS">
          <reporter-output>
          </reporter-output>
        </test-method> <!-- setup -->
        <test-method signature="loginMethodTestCase()[pri:0, instance:com.banking.TestCases.LoginTestCase@71075444]" started-at="2024-07-19T17:14:02 IST" name="loginMethodTestCase" finished-at="2024-07-19T17:14:05 IST" duration-ms="2340" status="PASS">
          <reporter-output>
          </reporter-output>
        </test-method> <!-- loginMethodTestCase -->
        <test-method is-config="true" signature="tearDown()[pri:0, instance:com.banking.TestCases.LoginTestCase@71075444]" started-at="2024-07-19T17:14:05 IST" name="tearDown" finished-at="2024-07-19T17:14:05 IST" duration-ms="273" status="PASS">
          <reporter-output>
          </reporter-output>
        </test-method> <!-- tearDown -->
      </class> <!-- com.banking.TestCases.LoginTestCase -->
    </test> <!-- Default test -->
  </suite> <!-- Default suite -->
</testng-results>
